# JRE version: OpenJDK Runtime Environment Corretto-21.0.6.7.1 (21.0.6+7) (build 21.0.6+7-LTS)
# Java VM: OpenJDK 64-Bit Server VM Corretto-21.0.6.7.1 (21.0.6+7-LTS, mixed mode, sharing, tiered, compressed oops, compressed class ptrs, g1 gc, windows-amd64)
GC Precious Log:
 CardTable entry size: 512
 Card Set container configuration: InlinePtr #cards 4 size 8 Array Of Cards #cards 32 size 80 Howl #buckets 8 coarsen threshold 7372 Howl Bitmap #cards 1024 size 144 coarsen threshold 921 Card regions per heap region 1 cards per card region 8192
 CPUs: 20 total, 20 available
 Memory: 24299M
 Large Page Support: Disabled
 NUMA Support: Disabled
 Compressed Oops: Enabled (Zero based)
 Heap Region Size: 4M
 Heap Min Capacity: 8M
 Heap Initial Capacity: 380M
 Heap Max Capacity: 6076M
 Pre-touch: Disabled
 Parallel Workers: 15
 Concurrent Workers: 4
 Concurrent Refinement Workers: 15
 Periodic GC: Disabled
Heap:
 garbage-first heap   total 86016K, used 28289K [0x0000000684400000, 0x0000000800000000)
  region size 4096K, 4 young (16384K), 2 survivors (8192K)
 Metaspace       used 31777K, committed 32320K, reserved 1114112K
  class space    used 4297K, committed 4544K, reserved 1048576K
GC Heap History (10 events):
Event: 0.685 GC heap before
{Heap before GC invocations=0 (full 0):
 garbage-first heap   total 389120K, used 20480K [0x0000000684400000, 0x0000000800000000)
  region size 4096K, 5 young (20480K), 0 survivors (0K)
 Metaspace       used 3434K, committed 3584K, reserved 1114112K
  class space    used 337K, committed 448K, reserved 1048576K
}
Event: 0.687 GC heap after
{Heap after GC invocations=1 (full 0):
 garbage-first heap   total 389120K, used 2241K [0x0000000684400000, 0x0000000800000000)
  region size 4096K, 1 young (4096K), 1 survivors (4096K)
 Metaspace       used 3434K, committed 3584K, reserved 1114112K
  class space    used 337K, committed 448K, reserved 1048576K
}
Event: 1.178 GC heap before
{Heap before GC invocations=1 (full 0):
 garbage-first heap   total 389120K, used 43201K [0x0000000684400000, 0x0000000800000000)
  region size 4096K, 11 young (45056K), 1 survivors (4096K)
 Metaspace       used 12880K, committed 13184K, reserved 1114112K
  class space    used 1684K, committed 1792K, reserved 1048576K
}
Event: 1.181 GC heap after
{Heap after GC invocations=2 (full 0):
 garbage-first heap   total 389120K, used 6336K [0x0000000684400000, 0x0000000800000000)
  region size 4096K, 2 young (8192K), 2 survivors (8192K)
 Metaspace       used 12880K, committed 13184K, reserved 1114112K
  class space    used 1684K, committed 1792K, reserved 1048576K
}
Event: 2.948 GC heap before
{Heap before GC invocations=2 (full 0):
 garbage-first heap   total 389120K, used 43200K [0x0000000684400000, 0x0000000800000000)
  region size 4096K, 12 young (49152K), 2 survivors (8192K)
 Metaspace       used 21171K, committed 21504K, reserved 1114112K
  class space    used 2901K, committed 3072K, reserved 1048576K
}
Event: 2.952 GC heap after
{Heap after GC invocations=3 (full 0):
 garbage-first heap   total 389120K, used 17792K [0x0000000684400000, 0x0000000800000000)
  region size 4096K, 4 young (16384K), 4 survivors (16384K)
 Metaspace       used 21171K, committed 21504K, reserved 1114112K
  class space    used 2901K, committed 3072K, reserved 1048576K
}
Event: 25.462 GC heap before
{Heap before GC invocations=4 (full 0):
 garbage-first heap   total 69632K, used 66944K [0x0000000684400000, 0x0000000800000000)
  region size 4096K, 16 young (65536K), 4 survivors (16384K)
 Metaspace       used 29119K, committed 29568K, reserved 1114112K
  class space    used 3960K, committed 4160K, reserved 1048576K
}
Event: 25.468 GC heap after
{Heap after GC invocations=5 (full 0):
 garbage-first heap   total 86016K, used 18809K [0x0000000684400000, 0x0000000800000000)
  region size 4096K, 4 young (16384K), 4 survivors (16384K)
 Metaspace       used 29119K, committed 29568K, reserved 1114112K
  class space    used 3960K, committed 4160K, reserved 1048576K
}
Event: 30.312 GC heap before
{Heap before GC invocations=5 (full 0):
 garbage-first heap   total 86016K, used 51577K [0x0000000684400000, 0x0000000800000000)
  region size 4096K, 12 young (49152K), 4 survivors (16384K)
 Metaspace       used 31700K, committed 32256K, reserved 1114112K
  class space    used 4294K, committed 4544K, reserved 1048576K
}
Event: 30.320 GC heap after
{Heap after GC invocations=6 (full 0):
 garbage-first heap   total 86016K, used 24193K [0x0000000684400000, 0x0000000800000000)
  region size 4096K, 2 young (8192K), 2 survivors (8192K)
 Metaspace       used 31700K, committed 32256K, reserved 1114112K
  class space    used 4294K, committed 4544K, reserved 1048576K
}

