# JRE version: OpenJDK Runtime Environment Corretto-21.0.6.7.1 (21.0.6+7) (build 21.0.6+7-LTS)
# Java VM: OpenJDK 64-Bit Server VM Corretto-21.0.6.7.1 (21.0.6+7-LTS, mixed mode, sharing, tiered, compressed oops, compressed class ptrs, g1 gc, windows-amd64)
GC Precious Log:
 CardTable entry size: 512
 Card Set container configuration: InlinePtr #cards 4 size 8 Array Of Cards #cards 32 size 80 Howl #buckets 8 coarsen threshold 7372 Howl Bitmap #cards 1024 size 144 coarsen threshold 921 Card regions per heap region 1 cards per card region 8192
 CPUs: 20 total, 20 available
 Memory: 24299M
 Large Page Support: Disabled
 NUMA Support: Disabled
 Compressed Oops: Enabled (Zero based)
 Heap Region Size: 4M
 Heap Min Capacity: 8M
 Heap Initial Capacity: 380M
 Heap Max Capacity: 6076M
 Pre-touch: Disabled
 Parallel Workers: 15
 Concurrent Workers: 4
 Concurrent Refinement Workers: 15
 Periodic GC: Disabled
Heap:
 garbage-first heap   total 73728K, used 36062K [0x0000000684400000, 0x0000000800000000)
  region size 4096K, 7 young (28672K), 2 survivors (8192K)
 Metaspace       used 31697K, committed 32128K, reserved 1114112K
  class space    used 4279K, committed 4480K, reserved 1048576K
GC Heap History (10 events):
Event: 0.511 GC heap before
{Heap before GC invocations=0 (full 0):
 garbage-first heap   total 389120K, used 20480K [0x0000000684400000, 0x0000000800000000)
  region size 4096K, 5 young (20480K), 0 survivors (0K)
 Metaspace       used 3436K, committed 3584K, reserved 1114112K
  class space    used 337K, committed 448K, reserved 1048576K
}
Event: 0.513 GC heap after
{Heap after GC invocations=1 (full 0):
 garbage-first heap   total 389120K, used 2261K [0x0000000684400000, 0x0000000800000000)
  region size 4096K, 1 young (4096K), 1 survivors (4096K)
 Metaspace       used 3436K, committed 3584K, reserved 1114112K
  class space    used 337K, committed 448K, reserved 1048576K
}
Event: 1.024 GC heap before
{Heap before GC invocations=1 (full 0):
 garbage-first heap   total 389120K, used 39125K [0x0000000684400000, 0x0000000800000000)
  region size 4096K, 11 young (45056K), 1 survivors (4096K)
 Metaspace       used 12893K, committed 13184K, reserved 1114112K
  class space    used 1686K, committed 1792K, reserved 1048576K
}
Event: 1.027 GC heap after
{Heap after GC invocations=2 (full 0):
 garbage-first heap   total 389120K, used 6354K [0x0000000684400000, 0x0000000800000000)
  region size 4096K, 2 young (8192K), 2 survivors (8192K)
 Metaspace       used 12893K, committed 13184K, reserved 1114112K
  class space    used 1686K, committed 1792K, reserved 1048576K
}
Event: 2.503 GC heap before
{Heap before GC invocations=2 (full 0):
 garbage-first heap   total 389120K, used 47314K [0x0000000684400000, 0x0000000800000000)
  region size 4096K, 12 young (49152K), 2 survivors (8192K)
 Metaspace       used 21157K, committed 21504K, reserved 1114112K
  class space    used 2906K, committed 3072K, reserved 1048576K
}
Event: 2.507 GC heap after
{Heap after GC invocations=3 (full 0):
 garbage-first heap   total 389120K, used 15472K [0x0000000684400000, 0x0000000800000000)
  region size 4096K, 3 young (12288K), 3 survivors (12288K)
 Metaspace       used 21157K, committed 21504K, reserved 1114112K
  class space    used 2906K, committed 3072K, reserved 1048576K
}
Event: 18.332 GC heap before
{Heap before GC invocations=4 (full 0):
 garbage-first heap   total 57344K, used 56432K [0x0000000684400000, 0x0000000800000000)
  region size 4096K, 13 young (53248K), 3 survivors (12288K)
 Metaspace       used 28206K, committed 28672K, reserved 1114112K
  class space    used 3814K, committed 4032K, reserved 1048576K
}
Event: 18.341 GC heap after
{Heap after GC invocations=5 (full 0):
 garbage-first heap   total 73728K, used 18163K [0x0000000684400000, 0x0000000800000000)
  region size 4096K, 4 young (16384K), 4 survivors (16384K)
 Metaspace       used 28206K, committed 28672K, reserved 1114112K
  class space    used 3814K, committed 4032K, reserved 1048576K
}
Event: 21.281 GC heap before
{Heap before GC invocations=5 (full 0):
 garbage-first heap   total 73728K, used 42739K [0x0000000684400000, 0x0000000800000000)
  region size 4096K, 10 young (40960K), 4 survivors (16384K)
 Metaspace       used 30326K, committed 30784K, reserved 1114112K
  class space    used 4195K, committed 4416K, reserved 1048576K
}
Event: 21.286 GC heap after
{Heap after GC invocations=6 (full 0):
 garbage-first heap   total 73728K, used 19678K [0x0000000684400000, 0x0000000800000000)
  region size 4096K, 2 young (8192K), 2 survivors (8192K)
 Metaspace       used 30326K, committed 30784K, reserved 1114112K
  class space    used 4195K, committed 4416K, reserved 1048576K
}

