# JRE version: OpenJDK Runtime Environment Corretto-21.0.6.7.1 (21.0.6+7) (build 21.0.6+7-LTS)
# Java VM: OpenJDK 64-Bit Server VM Corretto-21.0.6.7.1 (21.0.6+7-LTS, mixed mode, sharing, tiered, compressed oops, compressed class ptrs, g1 gc, windows-amd64)
GC Precious Log:
 CardTable entry size: 512
 Card Set container configuration: InlinePtr #cards 4 size 8 Array Of Cards #cards 32 size 80 Howl #buckets 8 coarsen threshold 7372 Howl Bitmap #cards 1024 size 144 coarsen threshold 921 Card regions per heap region 1 cards per card region 8192
 CPUs: 20 total, 20 available
 Memory: 24299M
 Large Page Support: Disabled
 NUMA Support: Disabled
 Compressed Oops: Enabled (Zero based)
 Heap Region Size: 4M
 Heap Min Capacity: 8M
 Heap Initial Capacity: 380M
 Heap Max Capacity: 6076M
 Pre-touch: Disabled
 Parallel Workers: 15
 Concurrent Workers: 4
 Concurrent Refinement Workers: 15
 Periodic GC: Disabled
Heap:
 garbage-first heap   total 69632K, used 44796K [0x0000000684400000, 0x0000000800000000)
  region size 4096K, 4 young (16384K), 1 survivors (4096K)
 Metaspace       used 34329K, committed 34880K, reserved 1114112K
  class space    used 4607K, committed 4864K, reserved 1048576K
GC Heap History (20 events):
Event: 0.818 GC heap before
{Heap before GC invocations=1 (full 0):
 garbage-first heap   total 389120K, used 28492K [0x0000000684400000, 0x0000000800000000)
  region size 4096K, 8 young (32768K), 1 survivors (4096K)
 Metaspace       used 12949K, committed 13312K, reserved 1114112K
  class space    used 1592K, committed 1728K, reserved 1048576K
}
Event: 0.821 GC heap after
{Heap after GC invocations=2 (full 0):
 garbage-first heap   total 389120K, used 6064K [0x0000000684400000, 0x0000000800000000)
  region size 4096K, 1 young (4096K), 1 survivors (4096K)
 Metaspace       used 12949K, committed 13312K, reserved 1114112K
  class space    used 1592K, committed 1728K, reserved 1048576K
}
Event: 2.852 GC heap before
{Heap before GC invocations=2 (full 0):
 garbage-first heap   total 389120K, used 51120K [0x0000000684400000, 0x0000000800000000)
  region size 4096K, 12 young (49152K), 1 survivors (4096K)
 Metaspace       used 21070K, committed 21504K, reserved 1114112K
  class space    used 3031K, committed 3200K, reserved 1048576K
}
Event: 2.855 GC heap after
{Heap after GC invocations=3 (full 0):
 garbage-first heap   total 389120K, used 15224K [0x0000000684400000, 0x0000000800000000)
  region size 4096K, 2 young (8192K), 2 survivors (8192K)
 Metaspace       used 21070K, committed 21504K, reserved 1114112K
  class space    used 3031K, committed 3200K, reserved 1048576K
}
Event: 6.418 GC heap before
{Heap before GC invocations=4 (full 0):
 garbage-first heap   total 57344K, used 56184K [0x0000000684400000, 0x0000000800000000)
  region size 4096K, 12 young (49152K), 2 survivors (8192K)
 Metaspace       used 29032K, committed 29568K, reserved 1114112K
  class space    used 4053K, committed 4288K, reserved 1048576K
}
Event: 6.422 GC heap after
{Heap after GC invocations=5 (full 0):
 garbage-first heap   total 69632K, used 19844K [0x0000000684400000, 0x0000000800000000)
  region size 4096K, 3 young (12288K), 3 survivors (12288K)
 Metaspace       used 29032K, committed 29568K, reserved 1114112K
  class space    used 4053K, committed 4288K, reserved 1048576K
}
Event: 11.796 GC heap before
{Heap before GC invocations=5 (full 0):
 garbage-first heap   total 69632K, used 48516K [0x0000000684400000, 0x0000000800000000)
  region size 4096K, 10 young (40960K), 3 survivors (12288K)
 Metaspace       used 31857K, committed 32320K, reserved 1114112K
  class space    used 4461K, committed 4672K, reserved 1048576K
}
Event: 11.800 GC heap after
{Heap after GC invocations=6 (full 0):
 garbage-first heap   total 69632K, used 23095K [0x0000000684400000, 0x0000000800000000)
  region size 4096K, 1 young (4096K), 1 survivors (4096K)
 Metaspace       used 31857K, committed 32320K, reserved 1114112K
  class space    used 4461K, committed 4672K, reserved 1048576K
}
Event: 85.047 GC heap before
{Heap before GC invocations=6 (full 0):
 garbage-first heap   total 69632K, used 51767K [0x0000000684400000, 0x0000000800000000)
  region size 4096K, 9 young (36864K), 1 survivors (4096K)
 Metaspace       used 32905K, committed 33408K, reserved 1114112K
  class space    used 4514K, committed 4736K, reserved 1048576K
}
Event: 85.051 GC heap after
{Heap after GC invocations=7 (full 0):
 garbage-first heap   total 69632K, used 27027K [0x0000000684400000, 0x0000000800000000)
  region size 4096K, 2 young (8192K), 2 survivors (8192K)
 Metaspace       used 32905K, committed 33408K, reserved 1114112K
  class space    used 4514K, committed 4736K, reserved 1048576K
}
Event: 125.459 GC heap before
{Heap before GC invocations=7 (full 0):
 garbage-first heap   total 69632K, used 55699K [0x0000000684400000, 0x0000000800000000)
  region size 4096K, 9 young (36864K), 2 survivors (8192K)
 Metaspace       used 33720K, committed 34176K, reserved 1114112K
  class space    used 4579K, committed 4800K, reserved 1048576K
}
Event: 125.463 GC heap after
{Heap after GC invocations=8 (full 0):
 garbage-first heap   total 69632K, used 30546K [0x0000000684400000, 0x0000000800000000)
  region size 4096K, 1 young (4096K), 1 survivors (4096K)
 Metaspace       used 33720K, committed 34176K, reserved 1114112K
  class space    used 4579K, committed 4800K, reserved 1048576K
}
Event: 147.269 GC heap before
{Heap before GC invocations=8 (full 0):
 garbage-first heap   total 69632K, used 55122K [0x0000000684400000, 0x0000000800000000)
  region size 4096K, 7 young (28672K), 1 survivors (4096K)
 Metaspace       used 34004K, committed 34560K, reserved 1114112K
  class space    used 4599K, committed 4864K, reserved 1048576K
}
Event: 147.272 GC heap after
{Heap after GC invocations=9 (full 0):
 garbage-first heap   total 69632K, used 35710K [0x0000000684400000, 0x0000000800000000)
  region size 4096K, 1 young (4096K), 1 survivors (4096K)
 Metaspace       used 34004K, committed 34560K, reserved 1114112K
  class space    used 4599K, committed 4864K, reserved 1048576K
}
Event: 180.904 GC heap before
{Heap before GC invocations=9 (full 0):
 garbage-first heap   total 69632K, used 56190K [0x0000000684400000, 0x0000000800000000)
  region size 4096K, 6 young (24576K), 1 survivors (4096K)
 Metaspace       used 34110K, committed 34688K, reserved 1114112K
  class space    used 4599K, committed 4864K, reserved 1048576K
}
Event: 180.908 GC heap after
{Heap after GC invocations=10 (full 0):
 garbage-first heap   total 69632K, used 37169K [0x0000000684400000, 0x0000000800000000)
  region size 4096K, 1 young (4096K), 1 survivors (4096K)
 Metaspace       used 34110K, committed 34688K, reserved 1114112K
  class space    used 4599K, committed 4864K, reserved 1048576K
}
Event: 227.923 GC heap before
{Heap before GC invocations=11 (full 0):
 garbage-first heap   total 69632K, used 53553K [0x0000000684400000, 0x0000000800000000)
  region size 4096K, 5 young (20480K), 1 survivors (4096K)
 Metaspace       used 34199K, committed 34752K, reserved 1114112K
  class space    used 4603K, committed 4864K, reserved 1048576K
}
Event: 227.924 GC heap after
{Heap after GC invocations=12 (full 0):
 garbage-first heap   total 69632K, used 36753K [0x0000000684400000, 0x0000000800000000)
  region size 4096K, 1 young (4096K), 1 survivors (4096K)
 Metaspace       used 34199K, committed 34752K, reserved 1114112K
  class space    used 4603K, committed 4864K, reserved 1048576K
}
Event: 616.572 GC heap before
{Heap before GC invocations=12 (full 0):
 garbage-first heap   total 69632K, used 57233K [0x0000000684400000, 0x0000000800000000)
  region size 4096K, 6 young (24576K), 1 survivors (4096K)
 Metaspace       used 34272K, committed 34816K, reserved 1114112K
  class space    used 4606K, committed 4864K, reserved 1048576K
}
Event: 616.577 GC heap after
{Heap after GC invocations=13 (full 0):
 garbage-first heap   total 69632K, used 36604K [0x0000000684400000, 0x0000000800000000)
  region size 4096K, 1 young (4096K), 1 survivors (4096K)
 Metaspace       used 34272K, committed 34816K, reserved 1114112K
  class space    used 4606K, committed 4864K, reserved 1048576K
}

