# JRE version: OpenJDK Runtime Environment Corretto-21.0.6.7.1 (21.0.6+7) (build 21.0.6+7-LTS)
# Java VM: OpenJDK 64-Bit Server VM Corretto-21.0.6.7.1 (21.0.6+7-LTS, mixed mode, sharing, tiered, compressed oops, compressed class ptrs, g1 gc, windows-amd64)
GC Precious Log:
 CardTable entry size: 512
 Card Set container configuration: InlinePtr #cards 4 size 8 Array Of Cards #cards 32 size 80 Howl #buckets 8 coarsen threshold 7372 Howl Bitmap #cards 1024 size 144 coarsen threshold 921 Card regions per heap region 1 cards per card region 8192
 CPUs: 20 total, 20 available
 Memory: 24299M
 Large Page Support: Disabled
 NUMA Support: Disabled
 Compressed Oops: Enabled (Zero based)
 Heap Region Size: 4M
 Heap Min Capacity: 8M
 Heap Initial Capacity: 380M
 Heap Max Capacity: 6076M
 Pre-touch: Disabled
 Parallel Workers: 15
 Concurrent Workers: 4
 Concurrent Refinement Workers: 15
 Periodic GC: Disabled
Heap:
 garbage-first heap   total 73728K, used 28824K [0x0000000684400000, 0x0000000800000000)
  region size 4096K, 5 young (20480K), 2 survivors (8192K)
 Metaspace       used 31144K, committed 31616K, reserved 1114112K
  class space    used 4261K, committed 4480K, reserved 1048576K
GC Heap History (10 events):
Event: 0.626 GC heap before
{Heap before GC invocations=0 (full 0):
 garbage-first heap   total 389120K, used 20480K [0x0000000684400000, 0x0000000800000000)
  region size 4096K, 5 young (20480K), 0 survivors (0K)
 Metaspace       used 3441K, committed 3648K, reserved 1114112K
  class space    used 337K, committed 448K, reserved 1048576K
}
Event: 0.629 GC heap after
{Heap after GC invocations=1 (full 0):
 garbage-first heap   total 389120K, used 2298K [0x0000000684400000, 0x0000000800000000)
  region size 4096K, 1 young (4096K), 1 survivors (4096K)
 Metaspace       used 3441K, committed 3648K, reserved 1114112K
  class space    used 337K, committed 448K, reserved 1048576K
}
Event: 1.242 GC heap before
{Heap before GC invocations=1 (full 0):
 garbage-first heap   total 389120K, used 35066K [0x0000000684400000, 0x0000000800000000)
  region size 4096K, 10 young (40960K), 1 survivors (4096K)
 Metaspace       used 11974K, committed 12352K, reserved 1114112K
  class space    used 1563K, committed 1728K, reserved 1048576K
}
Event: 1.246 GC heap after
{Heap after GC invocations=2 (full 0):
 garbage-first heap   total 389120K, used 6158K [0x0000000684400000, 0x0000000800000000)
  region size 4096K, 2 young (8192K), 2 survivors (8192K)
 Metaspace       used 11974K, committed 12352K, reserved 1114112K
  class space    used 1563K, committed 1728K, reserved 1048576K
}
Event: 3.067 GC heap before
{Heap before GC invocations=2 (full 0):
 garbage-first heap   total 389120K, used 47118K [0x0000000684400000, 0x0000000800000000)
  region size 4096K, 13 young (53248K), 2 survivors (8192K)
 Metaspace       used 21173K, committed 21504K, reserved 1114112K
  class space    used 2909K, committed 3072K, reserved 1048576K
}
Event: 3.073 GC heap after
{Heap after GC invocations=3 (full 0):
 garbage-first heap   total 389120K, used 16384K [0x0000000684400000, 0x0000000800000000)
  region size 4096K, 3 young (12288K), 3 survivors (12288K)
 Metaspace       used 21173K, committed 21504K, reserved 1114112K
  class space    used 2909K, committed 3072K, reserved 1048576K
}
Event: 8.252 GC heap before
{Heap before GC invocations=4 (full 0):
 garbage-first heap   total 57344K, used 57344K [0x0000000684400000, 0x0000000800000000)
  region size 4096K, 13 young (53248K), 3 survivors (12288K)
 Metaspace       used 28306K, committed 28800K, reserved 1114112K
  class space    used 3822K, committed 4032K, reserved 1048576K
}
Event: 8.260 GC heap after
{Heap after GC invocations=5 (full 0):
 garbage-first heap   total 73728K, used 18168K [0x0000000684400000, 0x0000000800000000)
  region size 4096K, 4 young (16384K), 4 survivors (16384K)
 Metaspace       used 28306K, committed 28800K, reserved 1114112K
  class space    used 3822K, committed 4032K, reserved 1048576K
}
Event: 8.963 GC heap before
{Heap before GC invocations=5 (full 0):
 garbage-first heap   total 73728K, used 42744K [0x0000000684400000, 0x0000000800000000)
  region size 4096K, 10 young (40960K), 4 survivors (16384K)
 Metaspace       used 30574K, committed 31040K, reserved 1114112K
  class space    used 4234K, committed 4416K, reserved 1048576K
}
Event: 8.977 GC heap after
{Heap after GC invocations=6 (full 0):
 garbage-first heap   total 73728K, used 20632K [0x0000000684400000, 0x0000000800000000)
  region size 4096K, 2 young (8192K), 2 survivors (8192K)
 Metaspace       used 30574K, committed 31040K, reserved 1114112K
  class space    used 4234K, committed 4416K, reserved 1048576K
}

